INFO:     Will watch for changes in these directories: ['/workspace/ai-forecasts']
INFO:     Uvicorn running on http://0.0.0.0:12000 (Press CTRL+C to quit)
INFO:     Started reloader process [3659] using WatchFiles
INFO:     Started server process [3663]
INFO:     Waiting for application startup.
INFO:     Application startup complete.
Processing request in targeted mode...
Validating results...
INFO:     127.0.0.1:37718 - "POST /forecast HTTP/1.1" 200 OK
Processing request in strategy mode...
Generating forecast context for strategy...
Generating strategic recommendations...
Validating results...
INFO:     127.0.0.1:37830 - "POST /forecast HTTP/1.1" 200 OK
INFO:     10.2.47.145:38350 - "GET / HTTP/1.1" 200 OK
INFO:     10.2.47.145:38350 - "GET /favicon.ico HTTP/1.1" 404 Not Found
INFO:     10.2.38.137:48126 - "GET / HTTP/1.1" 200 OK
Processing request in forecast mode...
Validating results...
INFO:     127.0.0.1:52422 - "POST /forecast HTTP/1.1" 200 OK
INFO:     10.2.47.145:50994 - "GET / HTTP/1.1" 200 OK
WARNING:  WatchFiles detected changes in 'src/ai_forecasts/frontend/streamlit_app.py'. Reloading...
INFO:     Shutting down
INFO:     Waiting for application shutdown.
INFO:     Application shutdown complete.
INFO:     Finished server process [3663]
INFO:     Started server process [3908]
INFO:     Waiting for application startup.
INFO:     Application startup complete.
WARNING:  WatchFiles detected changes in 'src/ai_forecasts/frontend/streamlit_app.py'. Reloading...
INFO:     Shutting down
INFO:     Waiting for application shutdown.
INFO:     Application shutdown complete.
INFO:     Finished server process [3908]
INFO:     Started server process [3931]
INFO:     Waiting for application startup.
INFO:     Application startup complete.
WARNING:  WatchFiles detected changes in 'src/ai_forecasts/frontend/streamlit_app.py'. Reloading...
INFO:     Shutting down
INFO:     Waiting for application shutdown.
INFO:     Application shutdown complete.
INFO:     Finished server process [3931]
INFO:     Started server process [3954]
INFO:     Waiting for application startup.
INFO:     Application startup complete.
WARNING:  WatchFiles detected changes in 'src/ai_forecasts/frontend/streamlit_app.py'. Reloading...
INFO:     Shutting down
INFO:     Waiting for application shutdown.
INFO:     Application shutdown complete.
INFO:     Finished server process [3954]
INFO:     Started server process [3977]
INFO:     Waiting for application startup.
INFO:     Application startup complete.
WARNING:  WatchFiles detected changes in 'src/ai_forecasts/frontend/streamlit_app.py'. Reloading...
INFO:     Shutting down
INFO:     Waiting for application shutdown.
INFO:     Application shutdown complete.
INFO:     Finished server process [3977]
INFO:     Started server process [4000]
INFO:     Waiting for application startup.
INFO:     Application startup complete.
WARNING:  WatchFiles detected changes in 'src/ai_forecasts/frontend/streamlit_app.py'. Reloading...
INFO:     Shutting down
INFO:     Waiting for application shutdown.
INFO:     Application shutdown complete.
INFO:     Finished server process [4000]
INFO:     Started server process [4001]
INFO:     Waiting for application startup.
INFO:     Application startup complete.
WARNING:  WatchFiles detected changes in 'src/ai_forecasts/frontend/streamlit_app.py'. Reloading...
INFO:     Shutting down
INFO:     Waiting for application shutdown.
INFO:     Application shutdown complete.
INFO:     Finished server process [4001]
INFO:     Started server process [4024]
INFO:     Waiting for application startup.
INFO:     Application startup complete.
WARNING:  WatchFiles detected changes in 'src/ai_forecasts/frontend/streamlit_app.py'. Reloading...
INFO:     Shutting down
INFO:     Waiting for application shutdown.
INFO:     Application shutdown complete.
INFO:     Finished server process [4024]
INFO:     Started server process [4047]
INFO:     Waiting for application startup.
INFO:     Application startup complete.
WARNING:  WatchFiles detected changes in 'src/ai_forecasts/utils/agent_logger.py'. Reloading...
INFO:     Shutting down
INFO:     Waiting for application shutdown.
INFO:     Application shutdown complete.
INFO:     Finished server process [4047]
INFO:     Started server process [4070]
INFO:     Waiting for application startup.
INFO:     Application startup complete.
WARNING:  WatchFiles detected changes in 'src/ai_forecasts/agents/forecast_agent.py'. Reloading...
INFO:     Shutting down
INFO:     Waiting for application shutdown.
INFO:     Application shutdown complete.
INFO:     Finished server process [4070]
INFO:     Started server process [4093]
INFO:     Waiting for application startup.
INFO:     Application startup complete.
WARNING:  WatchFiles detected changes in 'src/ai_forecasts/agents/forecast_agent.py'. Reloading...
INFO:     Shutting down
INFO:     Waiting for application shutdown.
INFO:     Application shutdown complete.
INFO:     Finished server process [4093]
INFO:     Started server process [4138]
INFO:     Waiting for application startup.
INFO:     Application startup complete.
WARNING:  WatchFiles detected changes in 'src/ai_forecasts/agents/forecast_agent.py'. Reloading...
INFO:     Shutting down
INFO:     Waiting for application shutdown.
INFO:     Application shutdown complete.
INFO:     Finished server process [4138]
INFO:     Started server process [4161]
INFO:     Waiting for application startup.
INFO:     Application startup complete.
WARNING:  WatchFiles detected changes in 'src/ai_forecasts/api/main.py'. Reloading...
INFO:     Shutting down
INFO:     Waiting for application shutdown.
INFO:     Application shutdown complete.
INFO:     Finished server process [4161]
INFO:     Started server process [4184]
INFO:     Waiting for application startup.
INFO:     Application startup complete.
WARNING:  WatchFiles detected changes in 'src/ai_forecasts/api/main.py'. Reloading...
INFO:     Shutting down
INFO:     Waiting for application shutdown.
INFO:     Application shutdown complete.
INFO:     Finished server process [4184]
INFO:     Started server process [4240]
INFO:     Waiting for application startup.
INFO:     Application startup complete.
WARNING:  WatchFiles detected changes in 'src/ai_forecasts/agents/orchestrator.py'. Reloading...
INFO:     Shutting down
INFO:     Waiting for application shutdown.
INFO:     Application shutdown complete.
INFO:     Finished server process [4240]
INFO:     Started server process [4263]
INFO:     Waiting for application startup.
INFO:     Application startup complete.
WARNING:  WatchFiles detected changes in 'src/ai_forecasts/agents/orchestrator.py'. Reloading...
INFO:     Shutting down
INFO:     Waiting for application shutdown.
INFO:     Application shutdown complete.
INFO:     Finished server process [4263]
INFO:     Started server process [4319]
INFO:     Waiting for application startup.
INFO:     Application startup complete.
WARNING:  WatchFiles detected changes in 'src/ai_forecasts/agents/orchestrator.py'. Reloading...
INFO:     Shutting down
INFO:     Waiting for application shutdown.
INFO:     Application shutdown complete.
INFO:     Finished server process [4319]
INFO:     Started server process [4342]
INFO:     Waiting for application startup.
INFO:     Application startup complete.
WARNING:  WatchFiles detected changes in 'src/ai_forecasts/agents/orchestrator.py'. Reloading...
INFO:     Shutting down
INFO:     Waiting for application shutdown.
INFO:     Application shutdown complete.
INFO:     Finished server process [4342]
INFO:     Started server process [4365]
INFO:     Waiting for application startup.
INFO:     Application startup complete.
WARNING:  WatchFiles detected changes in 'src/ai_forecasts/frontend/streamlit_app.py'. Reloading...
INFO:     Shutting down
INFO:     Waiting for application shutdown.
INFO:     Application shutdown complete.
INFO:     Finished server process [4365]
INFO:     Started server process [4421]
INFO:     Waiting for application startup.
INFO:     Application startup complete.
WARNING:  WatchFiles detected changes in 'src/ai_forecasts/frontend/streamlit_app.py'. Reloading...
INFO:     Shutting down
INFO:     Waiting for application shutdown.
INFO:     Application shutdown complete.
INFO:     Finished server process [4421]
INFO:     Started server process [4444]
INFO:     Waiting for application startup.
INFO:     Application startup complete.
INFO:     127.0.0.1:56088 - "GET /health HTTP/1.1" 200 OK
INFO:     127.0.0.1:50788 - "POST /forecast HTTP/1.1" 200 OK
INFO:     127.0.0.1:49024 - "POST /forecast HTTP/1.1" 200 OK
